2020-02-17 10:02:23,944 INFO [org.springframework.test.context.support.DefaultTestContextBootstrapper] - Loaded default TestExecutionListener class names from location [META-INF/spring.factories]: [org.springframework.test.context.web.ServletTestExecutionListener, org.springframework.test.context.support.DirtiesContextBeforeModesTestExecutionListener, org.springframework.test.context.support.DependencyInjectionTestExecutionListener, org.springframework.test.context.support.DirtiesContextTestExecutionListener, org.springframework.test.context.transaction.TransactionalTestExecutionListener, org.springframework.test.context.jdbc.SqlScriptsTestExecutionListener]
2020-02-17 10:02:23,975 INFO [org.springframework.test.context.support.DefaultTestContextBootstrapper] - Using TestExecutionListeners: [org.springframework.test.context.web.ServletTestExecutionListener@2a2d45ba, org.springframework.test.context.support.DirtiesContextBeforeModesTestExecutionListener@2a5ca609, org.springframework.test.context.support.DependencyInjectionTestExecutionListener@20e2cbe0, org.springframework.test.context.support.DirtiesContextTestExecutionListener@68be2bc2, org.springframework.test.context.transaction.TransactionalTestExecutionListener@28feb3fa, org.springframework.test.context.jdbc.SqlScriptsTestExecutionListener@675d3402]
2020-02-17 10:02:24,312 INFO [org.springframework.beans.factory.xml.XmlBeanDefinitionReader] - Loading XML bean definitions from class path resource [spring-context.xml]
2020-02-17 10:02:24,760 INFO [org.springframework.beans.factory.xml.XmlBeanDefinitionReader] - Loading XML bean definitions from class path resource [spring-context-druid.xml]
2020-02-17 10:02:24,886 INFO [org.springframework.beans.factory.xml.XmlBeanDefinitionReader] - Loading XML bean definitions from class path resource [spring-context-mybatis.xml]
2020-02-17 10:02:24,925 INFO [org.springframework.context.support.GenericApplicationContext] - Refreshing org.springframework.context.support.GenericApplicationContext@6e1567f1: startup date [Mon Feb 17 10:02:24 CST 2020]; root of context hierarchy
2020-02-17 10:02:27,011 INFO [com.alibaba.druid.pool.DruidDataSource] - {dataSource-1} inited
2020-02-17 10:02:27,874 INFO [org.springframework.context.support.GenericApplicationContext] - Closing org.springframework.context.support.GenericApplicationContext@6e1567f1: startup date [Mon Feb 17 10:02:24 CST 2020]; root of context hierarchy
2020-02-17 10:02:27,889 INFO [com.alibaba.druid.pool.DruidDataSource] - {dataSource-1} closed
2020-02-17 10:05:35,562 INFO [org.springframework.test.context.support.DefaultTestContextBootstrapper] - Loaded default TestExecutionListener class names from location [META-INF/spring.factories]: [org.springframework.test.context.web.ServletTestExecutionListener, org.springframework.test.context.support.DirtiesContextBeforeModesTestExecutionListener, org.springframework.test.context.support.DependencyInjectionTestExecutionListener, org.springframework.test.context.support.DirtiesContextTestExecutionListener, org.springframework.test.context.transaction.TransactionalTestExecutionListener, org.springframework.test.context.jdbc.SqlScriptsTestExecutionListener]
2020-02-17 10:05:35,600 INFO [org.springframework.test.context.support.DefaultTestContextBootstrapper] - Using TestExecutionListeners: [org.springframework.test.context.web.ServletTestExecutionListener@2a2d45ba, org.springframework.test.context.support.DirtiesContextBeforeModesTestExecutionListener@2a5ca609, org.springframework.test.context.support.DependencyInjectionTestExecutionListener@20e2cbe0, org.springframework.test.context.support.DirtiesContextTestExecutionListener@68be2bc2, org.springframework.test.context.transaction.TransactionalTestExecutionListener@28feb3fa, org.springframework.test.context.jdbc.SqlScriptsTestExecutionListener@675d3402]
2020-02-17 10:05:35,796 INFO [org.springframework.beans.factory.xml.XmlBeanDefinitionReader] - Loading XML bean definitions from class path resource [spring-context.xml]
2020-02-17 10:05:36,211 INFO [org.springframework.beans.factory.xml.XmlBeanDefinitionReader] - Loading XML bean definitions from class path resource [spring-context-druid.xml]
2020-02-17 10:05:36,291 INFO [org.springframework.beans.factory.xml.XmlBeanDefinitionReader] - Loading XML bean definitions from class path resource [spring-context-mybatis.xml]
2020-02-17 10:05:36,319 INFO [org.springframework.context.support.GenericApplicationContext] - Refreshing org.springframework.context.support.GenericApplicationContext@6e1567f1: startup date [Mon Feb 17 10:05:36 CST 2020]; root of context hierarchy
2020-02-17 10:05:37,959 INFO [com.alibaba.druid.pool.DruidDataSource] - {dataSource-1} inited
2020-02-17 10:05:38,677 INFO [org.springframework.beans.factory.xml.XmlBeanDefinitionReader] - Loading XML bean definitions from class path resource [org/springframework/jdbc/support/sql-error-codes.xml]
2020-02-17 10:05:38,735 INFO [org.springframework.jdbc.support.SQLErrorCodesFactory] - SQLErrorCodes loaded: [DB2, Derby, H2, HDB, HSQL, Informix, MS-SQL, MySQL, Oracle, PostgreSQL, Sybase]
2020-02-17 10:05:38,751 INFO [org.springframework.context.support.GenericApplicationContext] - Closing org.springframework.context.support.GenericApplicationContext@6e1567f1: startup date [Mon Feb 17 10:05:36 CST 2020]; root of context hierarchy
2020-02-17 10:05:38,757 INFO [com.alibaba.druid.pool.DruidDataSource] - {dataSource-1} closed
